#
# A fatal error has been detected by the Java Runtime Environment:
#
#  EXCEPTION_ACCESS_VIOLATION (0xc0000005) at pc=0x0000000054979575, pid=14580, tid=0x0000000000002d34
#
# JRE version: Java(TM) SE Runtime Environment (8.0_92-b14) (build 1.8.0_92-b14)
# Java VM: Java HotSpot(TM) 64-Bit Server VM (25.92-b14 mixed mode windows-amd64 compressed oops)
# Problematic frame:
# V  [jvm.dll+0x129575]
#
# Failed to write core dump. Minidumps are not enabled by default on client versions of Windows
#
# If you would like to submit a bug report, please visit:
#   http://bugreport.java.com/bugreport/crash.jsp
#

---------------  T H R E A D  ---------------

Current thread (0x0000000016ae4000):  JavaThread "JDWP Transport Listener: dt_socket" daemon [_thread_in_vm, id=11572, stack(0x0000000016ee0000,0x0000000016fe0000)]

siginfo: ExceptionCode=0xc0000005, reading address 0x0000007d5d5b3d73

Registers:
RAX=0x0000000016fdf701, RBX=0x0000000016ae4000, RCX=0x0000007d5d5b3d73, RDX=0x0000000000000000
RSP=0x0000000016fdf780, RBP=0x0000007d5d5b3d73, RSI=0x0000000016fdf898, RDI=0x0000000002c284c0
R8 =0x0000000016ae4000, R9 =0x0000000000000000, R10=0x0000000000000000, R11=0x0000000000000064
R12=0x0000000000000000, R13=0x0000000016ae4ae8, R14=0x0000000000000000, R15=0x0000000000000000
RIP=0x0000000054979575, EFLAGS=0x0000000000010202

Top of Stack: (sp=0x0000000016fdf780)
0x0000000016fdf780:   0000000016ae4000 0000000016ae4000
0x0000000016fdf790:   0000000016fdf848 0000000054b7fbab
0x0000000016fdf7a0:   0000000016ae4000 0000000054b9c40d
0x0000000016fdf7b0:   0000000000000000 00000000547e9155
0x0000000016fdf7c0:   00000000155058c8 00000000547f291e
0x0000000016fdf7d0:   0000000016ae4000 0000000000000000
0x0000000016fdf7e0:   0000000000000000 0000000000000000
0x0000000016fdf7f0:   0000007d5d5b3d73 00000000547f1a15
0x0000000016fdf800:   0000000016fdf898 0000000016fdf870
0x0000000016fdf810:   0000000000000001 00000000155058c8
0x0000000016fdf820:   0000007d5d5b3d73 00000000547d53b3
0x0000000016fdf830:   0000000016fdf960 0000000000000001
0x0000000016fdf840:   0000000000000001 00000000155058c8
0x0000000016fdf850:   000000000000000a 0000000000000000
0x0000000016fdf860:   0000000000000000 0000000000000000
0x0000000016fdf870:   0000000000000001 00000000547d5571 

Instructions: (pc=0x0000000054979575)
0x0000000054979555:   cc cc cc cc cc cc cc cc cc cc cc 48 83 ec 28 48
0x0000000054979565:   85 c9 75 07 33 c0 48 83 c4 28 c3 48 89 5c 24 20
0x0000000054979575:   48 8b 19 48 85 db 74 20 48 83 fb 37 74 1a 48 8b
0x0000000054979585:   13 48 8b cb ff 52 10 84 c0 74 0d 48 8b c3 48 8b 


Register to memory mapping:

RAX=0x0000000016fdf701 is pointing into the stack for thread: 0x0000000016ae4000
RBX=0x0000000016ae4000 is a thread
RCX=0x0000007d5d5b3d73 is an unknown value
RDX=0x0000000000000000 is an unknown value
RSP=0x0000000016fdf780 is pointing into the stack for thread: 0x0000000016ae4000
RBP=0x0000007d5d5b3d73 is an unknown value
RSI=0x0000000016fdf898 is pointing into the stack for thread: 0x0000000016ae4000
RDI=0x0000000002c284c0 is an unknown value
R8 =0x0000000016ae4000 is a thread
R9 =0x0000000000000000 is an unknown value
R10=0x0000000000000000 is an unknown value
R11=0x0000000000000064 is an unknown value
R12=0x0000000000000000 is an unknown value
R13=0x0000000016ae4ae8 is an unknown value
R14=0x0000000000000000 is an unknown value
R15=0x0000000000000000 is an unknown value


Stack: [0x0000000016ee0000,0x0000000016fe0000],  sp=0x0000000016fdf780,  free space=1021k
Native frames: (J=compiled Java code, j=interpreted, Vv=VM code, C=native code)
V  [jvm.dll+0x129575]
V  [jvm.dll+0x34c40d]
C  [jdwp.dll+0x21a15]
C  [jdwp.dll+0x53b3]
C  [jdwp.dll+0x5571]
C  [jdwp.dll+0xf0a8]
C  [jdwp.dll+0x1f2d5]
C  [jdwp.dll+0x1f4aa]
V  [jvm.dll+0x1bc3e8]
V  [jvm.dll+0x244314]
V  [jvm.dll+0x29b34a]
C  [msvcr100.dll+0x21d9f]
C  [msvcr100.dll+0x21e3b]
C  [KERNEL32.DLL+0x18102]
C  [ntdll.dll+0x5c5b4]


---------------  P R O C E S S  ---------------

Java Threads: ( => current thread )
  0x0000000016b8e000 JavaThread "Service Thread" daemon [_thread_blocked, id=16352, stack(0x00000000174e0000,0x00000000175e0000)]
  0x0000000016b02000 JavaThread "C1 CompilerThread2" daemon [_thread_blocked, id=9728, stack(0x00000000173e0000,0x00000000174e0000)]
  0x0000000016afb000 JavaThread "C2 CompilerThread1" daemon [_thread_blocked, id=14512, stack(0x00000000172e0000,0x00000000173e0000)]
  0x0000000016afe800 JavaThread "C2 CompilerThread0" daemon [_thread_blocked, id=19040, stack(0x00000000171e0000,0x00000000172e0000)]
  0x0000000016af6000 JavaThread "JDWP Command Reader" daemon [_thread_in_native, id=11664, stack(0x00000000170e0000,0x00000000171e0000)]
  0x0000000016ae9000 JavaThread "JDWP Event Helper Thread" daemon [_thread_blocked, id=11992, stack(0x0000000016fe0000,0x00000000170e0000)]
=>0x0000000016ae4000 JavaThread "JDWP Transport Listener: dt_socket" daemon [_thread_in_vm, id=11572, stack(0x0000000016ee0000,0x0000000016fe0000)]
  0x00000000154ba000 JavaThread "Attach Listener" daemon [_thread_blocked, id=16128, stack(0x00000000169e0000,0x0000000016ae0000)]
  0x0000000015508800 JavaThread "Signal Dispatcher" daemon [_thread_blocked, id=11180, stack(0x00000000168e0000,0x00000000169e0000)]
  0x00000000154a0000 JavaThread "Finalizer" daemon [_thread_blocked, id=13824, stack(0x0000000016700000,0x0000000016800000)]
  0x0000000002e85800 JavaThread "Reference Handler" daemon [_thread_blocked, id=4724, stack(0x0000000016600000,0x0000000016700000)]
  0x0000000002d95800 JavaThread "main" [_thread_blocked, id=380, stack(0x0000000002c30000,0x0000000002d30000)]

Other Threads:
  0x0000000015478000 VMThread [stack: 0x0000000016500000,0x0000000016600000] [id=928]
  0x0000000016b9a000 WatcherThread [stack: 0x00000000175e0000,0x00000000176e0000] [id=13684]

VM state:not at safepoint (normal execution)

VM Mutex/Monitor currently owned by a thread: None

Heap:
 PSYoungGen      total 18944K, used 3141K [0x00000000eb100000, 0x00000000ec600000, 0x0000000100000000)
  eden space 16384K, 3% used [0x00000000eb100000,0x00000000eb194af8,0x00000000ec100000)
  from space 2560K, 99% used [0x00000000ec380000,0x00000000ec5fcc50,0x00000000ec600000)
  to   space 2560K, 0% used [0x00000000ec100000,0x00000000ec100000,0x00000000ec380000)
 ParOldGen       total 44032K, used 4281K [0x00000000c1200000, 0x00000000c3d00000, 0x00000000eb100000)
  object space 44032K, 9% used [0x00000000c1200000,0x00000000c162e418,0x00000000c3d00000)
 Metaspace       used 9921K, capacity 10186K, committed 10496K, reserved 1058816K
  class space    used 1072K, capacity 1167K, committed 1280K, reserved 1048576K

Card table byte_map: [0x0000000012250000,0x0000000012450000] byte_map_base: 0x0000000011c47000

Marking Bits: (ParMarkBitMap*) 0x00000000550664f0
 Begin Bits: [0x00000000129a0000, 0x0000000013958000)
 End Bits:   [0x0000000013958000, 0x0000000014910000)

Polling page: 0x0000000002bd0000

CodeCache: size=245760Kb used=5188Kb max_used=5188Kb free=240571Kb
 bounds [0x0000000002e90000, 0x00000000033b0000, 0x0000000011e90000]
 total_blobs=1664 nmethods=1324 adapters=261
 compilation: enabled

Compilation events (10 events):
Event: 4.761 Thread 0x0000000016b02000 1321       3       java.lang.StringBuilder::append (6 bytes)
Event: 4.762 Thread 0x0000000016b02000 nmethod 1321 0x000000000339f590 code [0x000000000339f700, 0x000000000339f988]
Event: 4.762 Thread 0x0000000016b02000 1322       3       java.lang.StringBuilder::append (8 bytes)
Event: 4.762 Thread 0x0000000016b02000 nmethod 1322 0x000000000339f150 code [0x000000000339f2c0, 0x000000000339f468]
Event: 4.762 Thread 0x0000000016b02000 1323       3       java.lang.StringBuilder::append (6 bytes)
Event: 4.762 Thread 0x0000000016b02000 nmethod 1323 0x00000000033a3710 code [0x00000000033a3880, 0x00000000033a3b08]
Event: 4.762 Thread 0x0000000016b02000 1324       1       org.jsoup.parser.Tag::formatAsBlock (5 bytes)
Event: 4.762 Thread 0x0000000016b02000 nmethod 1324 0x00000000033a3bd0 code [0x00000000033a3d20, 0x00000000033a3e30]
Event: 4.762 Thread 0x0000000016b02000 1325       1       org.jsoup.nodes.Document$OutputSettings::prettyPrint (5 bytes)
Event: 4.762 Thread 0x0000000016b02000 nmethod 1325 0x00000000033a3e90 code [0x00000000033a3fe0, 0x00000000033a40f0]

GC Heap History (4 events):
Event: 2.115 GC heap before
{Heap before GC invocations=1 (full 0):
 PSYoungGen      total 18944K, used 16384K [0x00000000eb100000, 0x00000000ec600000, 0x0000000100000000)
  eden space 16384K, 100% used [0x00000000eb100000,0x00000000ec100000,0x00000000ec100000)
  from space 2560K, 0% used [0x00000000ec380000,0x00000000ec380000,0x00000000ec600000)
  to   space 2560K, 0% used [0x00000000ec100000,0x00000000ec100000,0x00000000ec380000)
 ParOldGen       total 44032K, used 0K [0x00000000c1200000, 0x00000000c3d00000, 0x00000000eb100000)
  object space 44032K, 0% used [0x00000000c1200000,0x00000000c1200000,0x00000000c3d00000)
 Metaspace       used 7907K, capacity 8142K, committed 8448K, reserved 1056768K
  class space    used 857K, capacity 935K, committed 1024K, reserved 1048576K
Event: 2.127 GC heap after
Heap after GC invocations=1 (full 0):
 PSYoungGen      total 18944K, used 2528K [0x00000000eb100000, 0x00000000ec600000, 0x0000000100000000)
  eden space 16384K, 0% used [0x00000000eb100000,0x00000000eb100000,0x00000000ec100000)
  from space 2560K, 98% used [0x00000000ec100000,0x00000000ec378020,0x00000000ec380000)
  to   space 2560K, 0% used [0x00000000ec380000,0x00000000ec380000,0x00000000ec600000)
 ParOldGen       total 44032K, used 1106K [0x00000000c1200000, 0x00000000c3d00000, 0x00000000eb100000)
  object space 44032K, 2% used [0x00000000c1200000,0x00000000c1314890,0x00000000c3d00000)
 Metaspace       used 7907K, capacity 8142K, committed 8448K, reserved 1056768K
  class space    used 857K, capacity 935K, committed 1024K, reserved 1048576K
}
Event: 4.710 GC heap before
{Heap before GC invocations=2 (full 0):
 PSYoungGen      total 18944K, used 18912K [0x00000000eb100000, 0x00000000ec600000, 0x0000000100000000)
  eden space 16384K, 100% used [0x00000000eb100000,0x00000000ec100000,0x00000000ec100000)
  from space 2560K, 98% used [0x00000000ec100000,0x00000000ec378020,0x00000000ec380000)
  to   space 2560K, 0% used [0x00000000ec380000,0x00000000ec380000,0x00000000ec600000)
 ParOldGen       total 44032K, used 1106K [0x00000000c1200000, 0x00000000c3d00000, 0x00000000eb100000)
  object space 44032K, 2% used [0x00000000c1200000,0x00000000c1314890,0x00000000c3d00000)
 Metaspace       used 9880K, capacity 10114K, committed 10240K, reserved 1058816K
  class space    used 1066K, capacity 1163K, committed 1280K, reserved 1048576K
Event: 4.720 GC heap after
Heap after GC invocations=2 (full 0):
 PSYoungGen      total 18944K, used 2547K [0x00000000eb100000, 0x00000000ec600000, 0x0000000100000000)
  eden space 16384K, 0% used [0x00000000eb100000,0x00000000eb100000,0x00000000ec100000)
  from space 2560K, 99% used [0x00000000ec380000,0x00000000ec5fcc50,0x00000000ec600000)
  to   space 2560K, 0% used [0x00000000ec100000,0x00000000ec100000,0x00000000ec380000)
 ParOldGen       total 44032K, used 4281K [0x00000000c1200000, 0x00000000c3d00000, 0x00000000eb100000)
  object space 44032K, 9% used [0x00000000c1200000,0x00000000c162e418,0x00000000c3d00000)
 Metaspace       used 9880K, capacity 10114K, committed 10240K, reserved 1058816K
  class space    used 1066K, capacity 1163K, committed 1280K, reserved 1048576K
}

Deoptimization events (10 events):
Event: 2.096 Thread 0x0000000002d95800 Uncommon trap: reason=bimorphic action=maybe_recompile pc=0x0000000003158d44 method=java.util.regex.Pattern$BmpCharProperty.match(Ljava/util/regex/Matcher;ILjava/lang/CharSequence;)Z @ 31
Event: 2.096 Thread 0x0000000002d95800 Uncommon trap: reason=bimorphic action=maybe_recompile pc=0x0000000003158d44 method=java.util.regex.Pattern$BmpCharProperty.match(Ljava/util/regex/Matcher;ILjava/lang/CharSequence;)Z @ 31
Event: 2.243 Thread 0x0000000002d95800 Uncommon trap: reason=unstable_if action=reinterpret pc=0x00000000031815c4 method=java.util.Arrays.equals([B[B)Z @ 12
Event: 2.252 Thread 0x0000000002d95800 Uncommon trap: reason=unstable_if action=reinterpret pc=0x00000000030205ac method=java.lang.CharacterDataLatin1.digit(II)I @ 82
Event: 3.123 Thread 0x0000000002d95800 Uncommon trap: reason=unstable_if action=reinterpret pc=0x00000000031d2bb8 method=java.util.regex.Pattern$BmpCharProperty.match(Ljava/util/regex/Matcher;ILjava/lang/CharSequence;)Z @ 34
Event: 4.481 Thread 0x0000000002d95800 Uncommon trap: reason=bimorphic action=maybe_recompile pc=0x000000000327e828 method=java.util.regex.Pattern$GroupHead.match(Ljava/util/regex/Matcher;ILjava/lang/CharSequence;)Z @ 28
Event: 4.481 Thread 0x0000000002d95800 Uncommon trap: reason=unstable_if action=reinterpret pc=0x000000000327c56c method=java.util.regex.Pattern$GroupTail.match(Ljava/util/regex/Matcher;ILjava/lang/CharSequence;)Z @ 73
Event: 4.481 Thread 0x0000000002d95800 Uncommon trap: reason=bimorphic action=maybe_recompile pc=0x000000000327e828 method=java.util.regex.Pattern$GroupHead.match(Ljava/util/regex/Matcher;ILjava/lang/CharSequence;)Z @ 28
Event: 4.661 Thread 0x0000000002d95800 Uncommon trap: reason=unstable_if action=reinterpret pc=0x000000000329cd44 method=sun.nio.cs.UTF_8$Decoder.decodeArrayLoop(Ljava/nio/ByteBuffer;Ljava/nio/CharBuffer;)Ljava/nio/charset/CoderResult; @ 84
Event: 4.664 Thread 0x0000000002d95800 Uncommon trap: reason=unstable_if action=reinterpret pc=0x00000000032c4224 method=java.util.Arrays.binarySearch0([CIIC)I @ 48

Internal exceptions (9 events):
Event: 0.056 Thread 0x0000000002d95800 Exception <a 'java/lang/NoSuchMethodError': Method sun.misc.Unsafe.defineClass(Ljava/lang/String;[BII)Ljava/lang/Class; name or signature does not match> (0x00000000eb107cc0) thrown at [D:\re\workspace\8-2-build-windows-amd64-cygwin\jdk8u92\6642\hotspot\sr2¼WÎ)‰¬?
Event: 0.056 Thread 0x0000000002d95800 Exception <a 'java/lang/NoSuchMethodError': Method sun.misc.Unsafe.prefetchRead(Ljava/lang/Object;J)V name or signature does not match> (0x00000000eb107fa8) thrown at [D:\re\workspace\8-2-build-windows-amd64-cygwin\jdk8u92\6642\hotspot\src\share\vm\prims\jÏij	÷Šñ?
Event: 1.096 Thread 0x0000000002d95800 Exception <a 'java/lang/NoSuchFieldError': method resolution failed> (0x00000000eb71d070) thrown at [D:\re\workspace\8-2-build-windows-amd64-cygwin\jdk8u92\6642\hotspot\src\share\vm\prims\methodHandles.cpp, line 1146]
Event: 1.107 Thread 0x0000000002d95800 Exception <a 'java/lang/NoSuchFieldError': method resolution failed> (0x00000000eb72aad0) thrown at [D:\re\workspace\8-2-build-windows-amd64-cygwin\jdk8u92\6642\hotspot\src\share\vm\prims\methodHandles.cpp, line 1146]
Event: 1.940 Thread 0x0000000002d95800 Exception <a 'java/security/PrivilegedActionException'> (0x00000000ebe0fac8) thrown at [D:\re\workspace\8-2-build-windows-amd64-cygwin\jdk8u92\6642\hotspot\src\share\vm\prims\jvm.cpp, line 1386]
Event: 1.940 Thread 0x0000000002d95800 Exception <a 'java/security/PrivilegedActionException'> (0x00000000ebe0fec0) thrown at [D:\re\workspace\8-2-build-windows-amd64-cygwin\jdk8u92\6642\hotspot\src\share\vm\prims\jvm.cpp, line 1386]
Event: 2.243 Thread 0x0000000002d95800 Implicit null exception at 0x0000000003181438 to 0x00000000031815b1
Event: 3.426 Thread 0x0000000002d95800 Exception <a 'java/security/PrivilegedActionException'> (0x00000000eb96a450) thrown at [D:\re\workspace\8-2-build-windows-amd64-cygwin\jdk8u92\6642\hotspot\src\share\vm\prims\jvm.cpp, line 1386]
Event: 3.426 Thread 0x0000000002d95800 Exception <a 'java/security/PrivilegedActionException'> (0x00000000eb96a660) thrown at [D:\re\workspace\8-2-build-windows-amd64-cygwin\jdk8u92\6642\hotspot\src\share\vm\prims\jvm.cpp, line 1386]

Events (10 events):
Event: 4.758 Thread 0x0000000002d95800 DEOPT PACKING pc=0x0000000003040cd4 sp=0x0000000002d2d4b0
Event: 4.758 Thread 0x0000000002d95800 DEOPT UNPACKING pc=0x0000000002ed787f sp=0x0000000002d2d2d0 mode 1
Event: 4.760 Executing VM operation: ForceSafepoint
Event: 4.761 Executing VM operation: ForceSafepoint done
Event: 4.763 Executing VM operation: ForceSafepoint
Event: 4.763 Executing VM operation: ForceSafepoint done
Event: 259.485 Executing VM operation: ChangeBreakpoints
Event: 259.485 Executing VM operation: ChangeBreakpoints done
Event: 259.545 Executing VM operation: RedefineClasses
Event: 259.569 Executing VM operation: RedefineClasses done


Dynamic libraries:
0x00007ff701ec0000 - 0x00007ff701ef7000 	C:\Program Files\Java\jdk1.8.0_92\bin\java.exe
0x00007ffe84dd0000 - 0x00007ffe84f91000 	C:\Windows\SYSTEM32\ntdll.dll
0x00007ffe828f0000 - 0x00007ffe8299d000 	C:\Windows\system32\KERNEL32.DLL
0x00007ffe81510000 - 0x00007ffe816f8000 	C:\Windows\system32\KERNELBASE.dll
0x00007ffe82a00000 - 0x00007ffe82aa7000 	C:\Windows\system32\ADVAPI32.dll
0x00007ffe84590000 - 0x00007ffe8462d000 	C:\Windows\system32\msvcrt.dll
0x00007ffe84530000 - 0x00007ffe8458b000 	C:\Windows\system32\sechost.dll
0x00007ffe84c40000 - 0x00007ffe84d5c000 	C:\Windows\system32\RPCRT4.dll
0x00007ffe824b0000 - 0x00007ffe82606000 	C:\Windows\system32\USER32.dll
0x00007ffe82ab0000 - 0x00007ffe82c36000 	C:\Windows\system32\GDI32.dll
0x00007ffe76470000 - 0x00007ffe766e4000 	C:\Windows\WinSxS\amd64_microsoft.windows.common-controls_6595b64144ccf1df_6.0.10586.672_none_a2d6b3cea53ff843\COMCTL32.dll
0x00007ffe82c40000 - 0x00007ffe82ebd000 	C:\Windows\system32\combase.dll
0x00007ffe81700000 - 0x00007ffe8176a000 	C:\Windows\system32\bcryptPrimitives.dll
0x00007ffe844f0000 - 0x00007ffe8452b000 	C:\Windows\system32\IMM32.DLL
0x00000000550f0000 - 0x00000000551c2000 	C:\Program Files\Java\jdk1.8.0_92\jre\bin\msvcr100.dll
0x0000000054850000 - 0x00000000550e6000 	C:\Program Files\Java\jdk1.8.0_92\jre\bin\server\jvm.dll
0x00007ffe823f0000 - 0x00007ffe823f8000 	C:\Windows\system32\PSAPI.DLL
0x00007ffe7e540000 - 0x00007ffe7e549000 	C:\Windows\SYSTEM32\WSOCK32.dll
0x00007ffe84d60000 - 0x00007ffe84dcb000 	C:\Windows\system32\WS2_32.dll
0x00007ffe7fa70000 - 0x00007ffe7fa93000 	C:\Windows\SYSTEM32\WINMM.dll
0x00007ffe768f0000 - 0x00007ffe768fa000 	C:\Windows\SYSTEM32\VERSION.dll
0x00007ffe7fa10000 - 0x00007ffe7fa3c000 	C:\Windows\SYSTEM32\WINMMBASE.dll
0x00007ffe81a60000 - 0x00007ffe81aa3000 	C:\Windows\system32\cfgmgr32.dll
0x0000000054840000 - 0x000000005484f000 	C:\Program Files\Java\jdk1.8.0_92\jre\bin\verify.dll
0x0000000054810000 - 0x0000000054839000 	C:\Program Files\Java\jdk1.8.0_92\jre\bin\java.dll
0x00000000547d0000 - 0x0000000054805000 	C:\Program Files\Java\jdk1.8.0_92\jre\bin\jdwp.dll
0x00000000547c0000 - 0x00000000547c8000 	C:\Program Files\Java\jdk1.8.0_92\jre\bin\npt.dll
0x00000000547a0000 - 0x00000000547b6000 	C:\Program Files\Java\jdk1.8.0_92\jre\bin\zip.dll
0x00007ffe82f90000 - 0x00007ffe844ec000 	C:\Windows\system32\SHELL32.dll
0x00007ffe81b80000 - 0x00007ffe821c5000 	C:\Windows\system32\windows.storage.dll
0x00007ffe829a0000 - 0x00007ffe829f2000 	C:\Windows\system32\shlwapi.dll
0x00007ffe81420000 - 0x00007ffe8142f000 	C:\Windows\system32\kernel.appcore.dll
0x00007ffe817d0000 - 0x00007ffe81885000 	C:\Windows\system32\shcore.dll
0x00007ffe81430000 - 0x00007ffe8147b000 	C:\Windows\system32\powrprof.dll
0x00007ffe81400000 - 0x00007ffe81414000 	C:\Windows\system32\profapi.dll
0x0000000054790000 - 0x0000000054799000 	C:\Program Files\Java\jdk1.8.0_92\jre\bin\dt_socket.dll
0x00007ffe80cc0000 - 0x00007ffe80d1c000 	C:\Windows\system32\mswsock.dll
0x0000000054760000 - 0x0000000054784000 	C:\Program Files\Java\jdk1.8.0_92\jre\bin\sunec.dll
0x00007ffe80d70000 - 0x00007ffe80d87000 	C:\Windows\SYSTEM32\CRYPTSP.dll
0x00007ffe80a00000 - 0x00007ffe80a34000 	C:\Windows\system32\rsaenh.dll
0x00007ffe81320000 - 0x00007ffe81349000 	C:\Windows\SYSTEM32\bcrypt.dll
0x00007ffe80b50000 - 0x00007ffe80b6f000 	C:\Windows\SYSTEM32\USERENV.dll
0x00007ffe80e90000 - 0x00007ffe80e9b000 	C:\Windows\SYSTEM32\CRYPTBASE.dll
0x0000000054740000 - 0x000000005475a000 	C:\Program Files\Java\jdk1.8.0_92\jre\bin\net.dll
0x00007ffe783c0000 - 0x00007ffe783f8000 	C:\Windows\SYSTEM32\IPHLPAPI.DLL
0x00007ffe821d0000 - 0x00007ffe821d8000 	C:\Windows\system32\NSI.dll
0x00007ffe783a0000 - 0x00007ffe783b6000 	C:\Windows\SYSTEM32\dhcpcsvc6.DLL
0x00007ffe78380000 - 0x00007ffe7839a000 	C:\Windows\SYSTEM32\dhcpcsvc.DLL
0x0000000054720000 - 0x0000000054731000 	C:\Program Files\Java\jdk1.8.0_92\jre\bin\nio.dll
0x0000000054710000 - 0x000000005471b000 	C:\Program Files\Java\jdk1.8.0_92\jre\bin\sunmscapi.dll
0x00007ffe81890000 - 0x00007ffe81a58000 	C:\Windows\system32\CRYPT32.dll
0x00007ffe813f0000 - 0x00007ffe81400000 	C:\Windows\system32\MSASN1.dll
0x00007ffe6c620000 - 0x00007ffe6c636000 	C:\Windows\system32\napinsp.dll
0x00007ffe6c640000 - 0x00007ffe6c65a000 	C:\Windows\system32\pnrpnsp.dll
0x00007ffe7f3a0000 - 0x00007ffe7f3b8000 	C:\Windows\system32\NLAapi.dll
0x00007ffe7fe60000 - 0x00007ffe7ff0a000 	C:\Windows\SYSTEM32\DNSAPI.dll
0x00007ffe6c660000 - 0x00007ffe6c66d000 	C:\Windows\System32\winrnr.dll
0x0000000055cc0000 - 0x0000000055ce6000 	C:\Program Files\Bonjour\mdnsNSP.dll
0x00007ffe6c670000 - 0x00007ffe6c685000 	C:\Windows\System32\wshbth.dll
0x00007ffe762f0000 - 0x00007ffe762fa000 	C:\Windows\System32\rasadhlp.dll
0x00007ffe793c0000 - 0x00007ffe79427000 	C:\Windows\System32\fwpuclnt.dll
0x00007ffe7e060000 - 0x00007ffe7e1ec000 	C:\Windows\SYSTEM32\dbghelp.dll

VM Arguments:
jvm_args: -agentlib:jdwp=transport=dt_socket,address=127.0.0.1:55774,suspend=y,server=n -Dfile.encoding=UTF-8 
java_command: com.bougsid.Main
java_class_path (initial): C:\Program Files\Java\jdk1.8.0_92\jre\lib\charsets.jar;C:\Program Files\Java\jdk1.8.0_92\jre\lib\deploy.jar;C:\Program Files\Java\jdk1.8.0_92\jre\lib\ext\access-bridge-64.jar;C:\Program Files\Java\jdk1.8.0_92\jre\lib\ext\cldrdata.jar;C:\Program Files\Java\jdk1.8.0_92\jre\lib\ext\dnsns.jar;C:\Program Files\Java\jdk1.8.0_92\jre\lib\ext\jaccess.jar;C:\Program Files\Java\jdk1.8.0_92\jre\lib\ext\jfxrt.jar;C:\Program Files\Java\jdk1.8.0_92\jre\lib\ext\localedata.jar;C:\Program Files\Java\jdk1.8.0_92\jre\lib\ext\nashorn.jar;C:\Program Files\Java\jdk1.8.0_92\jre\lib\ext\sunec.jar;C:\Program Files\Java\jdk1.8.0_92\jre\lib\ext\sunjce_provider.jar;C:\Program Files\Java\jdk1.8.0_92\jre\lib\ext\sunmscapi.jar;C:\Program Files\Java\jdk1.8.0_92\jre\lib\ext\sunpkcs11.jar;C:\Program Files\Java\jdk1.8.0_92\jre\lib\ext\zipfs.jar;C:\Program Files\Java\jdk1.8.0_92\jre\lib\javaws.jar;C:\Program Files\Java\jdk1.8.0_92\jre\lib\jce.jar;C:\Program Files\Java\jdk1.8.0_92\jre\lib\jfr.jar;C:\Program Files\Java\jdk1.8.0_92\jre\lib\jfxswt.jar;C:\Program Files\Java\jdk1.8.0_92\jre\lib\jsse.jar;C:\Program Files\Java\jdk1.8.0_92\jre\lib\management-agent.jar;C:\Program Files\Java\jdk1.8.0_92\jre\lib\plugin.jar;C:\Program Files\Java\jdk1.8.0_92\jre\lib\resources.jar;C:\Program Files\Java\jdk1.8.0_92\jre\lib\rt.jar;D:\Projects\Intillij_Idea_Projects\JavaProjects\BourseProject\target\classes;C:\Users\ayoub\.m2\repository\org\springframework\boot\spring-boot-starter-data-jpa\1.4.2.RELEASE\spring-boot-starter-data-jpa-1.4.2.RELEASE.jar;C:\Users\ayoub\.m2\repository\org\springframework\boot\spring-boot-starter\1.4.2.RELEASE\spring-boot-starter-1.4.2.RELEASE.jar;C:\Users\ayoub\.m2\repository\org\springframework\boot\spring-boot\1.4.2.RELEASE\spring-boot-1.4.2.RELEASE.jar;C:\Users\ayoub\.m2\repository\org\springframework\boot\spring-boot-autoconfigure\1.4.2.RELEASE\spring-boot-autoconfigure-1.4.2.RELEASE.jar;C:\Users\ayoub\.m2\repository\org\springframework\boot\spring-boot-starte
Launcher Type: SUN_STANDARD

Environment Variables:
JAVA_HOME=C:\Program Files\Java\jdk1.8.0_92
PATH=C:\ProgramData\Oracle\Java\javapath;C:\Windows\system32;C:\Windows;C:\Windows\System32\Wbem;C:\Windows\System32\WindowsPowerShell\v1.0\;C:\Program Files\apache-maven-3.3.9\bin;C:\Program Files (x86)\Skype\Phone\;C:\Users\ayoub\AppData\Local\GitHub\PortableGit_d76a6a98c9315931ec4927243517bc09e9b731a0\cmd\git.exe;C:\Program Files\nodejs\;C:\Program Files\MongoDB\Server\3.2\bin;C:\Windows\system32\Npcap;C:\Program Files (x86)\Microsoft VS Code\bin;C:\Users\ayoub\AppData\Local\GitHub\PortableGit_d76a6a98c9315931ec4927243517bc09e9b731a0\cmd;C:\Users\ayoub\AppData\Roaming\npm
USERNAME=ayoub
OS=Windows_NT
PROCESSOR_IDENTIFIER=Intel64 Family 6 Model 61 Stepping 4, GenuineIntel



---------------  S Y S T E M  ---------------

OS: Windows 10.0 , 64 bit Build 10586 (10.0.10586.589)

CPU:total 4 (2 cores per cpu, 2 threads per core) family 6 model 61 stepping 4, cmov, cx8, fxsr, mmx, sse, sse2, sse3, ssse3, sse4.1, sse4.2, popcnt, avx, avx2, aes, clmul, erms, 3dnowpref, lzcnt, ht, tsc, tscinvbit, bmi1, bmi2, adx

Memory: 4k page, physical 4113068k(719816k free), swap 7652012k(1126508k free)

vm_info: Java HotSpot(TM) 64-Bit Server VM (25.92-b14) for windows-amd64 JRE (1.8.0_92-b14), built on Mar 31 2016 21:03:04 by "java_re" with MS VC++ 10.0 (VS2010)

time: Tue Nov 29 21:49:52 2016
elapsed time: 293 seconds (0d 0h 4m 53s)

